<?xml version="1.0" encoding="UTF-8"?>
<!-- Generated by org.testng.reporters.JUnitReportReporter -->
<testsuite hostname="AS" failures="0" tests="1" name="tests.LoginTest" time="0.243" errors="0" timestamp="2025-05-27T20:09:29 IST" skipped="0">
  <testcase classname="tests.LoginTest" name="testLogin" time="0.243"/>
</testsuite> <!-- tests.LoginTest -->
