<?xml version="1.0" encoding="UTF-8"?>
<!-- Generated by org.testng.reporters.JUnitReportReporter -->
<testsuite hostname="AS" failures="0" tests="1" name="tests.LogoutTest" time="39.344" errors="0" timestamp="2025-05-27T22:03:43 IST" skipped="0">
  <testcase classname="tests.LogoutTest" name="logoutTest" time="39.344"/>
</testsuite> <!-- tests.LogoutTest -->
